WARNING: An illegal reflective access operation has occurred
WARNING: Illegal reflective access by com.google.inject.internal.cglib.core.$ReflectUtils$1 (file:/usr/share/maven/lib/guice.jar) to method java.lang.ClassLoader.defineClass(java.lang.String,byte[],int,int,java.security.ProtectionDomain)
WARNING: Please consider reporting this to the maintainers of com.google.inject.internal.cglib.core.$ReflectUtils$1
WARNING: Use --illegal-access=warn to enable warnings of further illegal reflective access operations
WARNING: All illegal access operations will be denied in a future release
[[1;34mINFO[m] Scanning for projects...
[[1;34mINFO[m] 
[[1;34mINFO[m] [1m----------------------< [0;36mssilvalucas:bot-service[0;1m >-----------------------[m
[[1;34mINFO[m] [1mBuilding bot-service 0.0.1-SNAPSHOT[m
[[1;34mINFO[m] [1m--------------------------------[ jar ]---------------------------------[m
[[1;34mINFO[m] 
[[1;34mINFO[m] [1m>>> [0;32mspring-boot-maven-plugin:2.3.1.RELEASE:run[m [1m(default-cli)[0;1m > [0;1mtest-compile[m @ [36mbot-service[0;1m >>>[m
[[1;34mINFO[m] 
[[1;34mINFO[m] [1m--- [0;32mmaven-resources-plugin:3.1.0:resources[m [1m(default-resources)[m @ [36mbot-service[0;1m ---[m
[[1;34mINFO[m] Using 'UTF-8' encoding to copy filtered resources.
[[1;34mINFO[m] Copying 1 resource
[[1;34mINFO[m] Copying 0 resource
[[1;34mINFO[m] 
[[1;34mINFO[m] [1m--- [0;32mmaven-compiler-plugin:3.8.1:compile[m [1m(default-compile)[m @ [36mbot-service[0;1m ---[m
[[1;34mINFO[m] Nothing to compile - all classes are up to date
[[1;34mINFO[m] 
[[1;34mINFO[m] [1m--- [0;32mkotlin-maven-plugin:1.3.72:compile[m [1m(compile)[m @ [36mbot-service[0;1m ---[m
[[1;34mINFO[m] Applied plugin: 'spring'
[[1;34mINFO[m] 
[[1;34mINFO[m] [1m--- [0;32mmaven-resources-plugin:3.1.0:testResources[m [1m(default-testResources)[m @ [36mbot-service[0;1m ---[m
[[1;34mINFO[m] Using 'UTF-8' encoding to copy filtered resources.
[[1;34mINFO[m] skip non existing resourceDirectory /home/ubuntu/app/backend/bot-service/src/test/resources
[[1;34mINFO[m] 
[[1;34mINFO[m] [1m--- [0;32mmaven-compiler-plugin:3.8.1:testCompile[m [1m(default-testCompile)[m @ [36mbot-service[0;1m ---[m
[[1;34mINFO[m] Changes detected - recompiling the module!
[[1;34mINFO[m] 
[[1;34mINFO[m] [1m--- [0;32mkotlin-maven-plugin:1.3.72:test-compile[m [1m(test-compile)[m @ [36mbot-service[0;1m ---[m
[[1;34mINFO[m] Applied plugin: 'spring'
[[1;34mINFO[m] 
[[1;34mINFO[m] [1m<<< [0;32mspring-boot-maven-plugin:2.3.1.RELEASE:run[m [1m(default-cli)[0;1m < [0;1mtest-compile[m @ [36mbot-service[0;1m <<<[m
[[1;34mINFO[m] 
[[1;34mINFO[m] 
[[1;34mINFO[m] [1m--- [0;32mspring-boot-maven-plugin:2.3.1.RELEASE:run[m [1m(default-cli)[m @ [36mbot-service[0;1m ---[m
[[1;34mINFO[m] Attaching agents: []

  .   ____          _            __ _ _
 /\\ / ___'_ __ _ _(_)_ __  __ _ \ \ \ \
( ( )\___ | '_ | '_| | '_ \/ _` | \ \ \ \
 \\/  ___)| |_)| | | | | || (_| |  ) ) ) )
  '  |____| .__|_| |_|_| |_\__, | / / / /
 =========|_|==============|___/=/_/_/_/
 :: Spring Boot ::        (v2.3.1.RELEASE)

2020-06-14 02:11:50.532  INFO 8264 --- [           main] s.botservice.BotServiceApplicationKt     : Starting BotServiceApplicationKt on ip-172-31-46-40 with PID 8264 (/home/ubuntu/app/backend/bot-service/target/classes started by ubuntu in /home/ubuntu/app/backend/bot-service)
2020-06-14 02:11:50.534  INFO 8264 --- [           main] s.botservice.BotServiceApplicationKt     : No active profile set, falling back to default profiles: default
2020-06-14 02:11:51.096  INFO 8264 --- [           main] .s.d.r.c.RepositoryConfigurationDelegate : Bootstrapping Spring Data MongoDB repositories in DEFAULT mode.
2020-06-14 02:11:51.156  INFO 8264 --- [           main] .s.d.r.c.RepositoryConfigurationDelegate : Finished Spring Data repository scanning in 56ms. Found 1 MongoDB repository interfaces.
2020-06-14 02:11:51.456  INFO 8264 --- [           main] org.mongodb.driver.cluster               : Cluster created with settings {hosts=[localhost:27017], mode=SINGLE, requiredClusterType=UNKNOWN, serverSelectionTimeout='30000 ms'}
2020-06-14 02:11:51.519  INFO 8264 --- [localhost:27017] org.mongodb.driver.connection            : Opened connection [connectionId{localValue:1, serverValue:7}] to localhost:27017
2020-06-14 02:11:51.524  INFO 8264 --- [localhost:27017] org.mongodb.driver.cluster               : Monitor thread successfully connected to server with description ServerDescription{address=localhost:27017, type=STANDALONE, state=CONNECTED, ok=true, minWireVersion=0, maxWireVersion=8, maxDocumentSize=16777216, logicalSessionTimeoutMinutes=30, roundTripTimeNanos=3467827}
WARNING: An illegal reflective access operation has occurred
WARNING: Illegal reflective access by com.google.inject.internal.cglib.core.$ReflectUtils$1 (file:/usr/share/maven/lib/guice.jar) to method java.lang.ClassLoader.defineClass(java.lang.String,byte[],int,int,java.security.ProtectionDomain)
WARNING: Please consider reporting this to the maintainers of com.google.inject.internal.cglib.core.$ReflectUtils$1
WARNING: Use --illegal-access=warn to enable warnings of further illegal reflective access operations
WARNING: All illegal access operations will be denied in a future release
[[1;34mINFO[m] Scanning for projects...
[[1;34mINFO[m] 
[[1;34mINFO[m] [1m----------------------< [0;36mssilvalucas:bot-service[0;1m >-----------------------[m
[[1;34mINFO[m] [1mBuilding bot-service 0.0.1-SNAPSHOT[m
[[1;34mINFO[m] [1m--------------------------------[ jar ]---------------------------------[m
[[1;34mINFO[m] 
[[1;34mINFO[m] [1m>>> [0;32mspring-boot-maven-plugin:2.3.1.RELEASE:run[m [1m(default-cli)[0;1m > [0;1mtest-compile[m @ [36mbot-service[0;1m >>>[m
[[1;34mINFO[m] 
[[1;34mINFO[m] [1m--- [0;32mmaven-resources-plugin:3.1.0:resources[m [1m(default-resources)[m @ [36mbot-service[0;1m ---[m
[[1;34mINFO[m] Using 'UTF-8' encoding to copy filtered resources.
[[1;34mINFO[m] Copying 1 resource
[[1;34mINFO[m] Copying 0 resource
[[1;34mINFO[m] 
[[1;34mINFO[m] [1m--- [0;32mmaven-compiler-plugin:3.8.1:compile[m [1m(default-compile)[m @ [36mbot-service[0;1m ---[m
[[1;34mINFO[m] Nothing to compile - all classes are up to date
[[1;34mINFO[m] 
[[1;34mINFO[m] [1m--- [0;32mkotlin-maven-plugin:1.3.72:compile[m [1m(compile)[m @ [36mbot-service[0;1m ---[m
[[1;34mINFO[m] Applied plugin: 'spring'
[[1;34mINFO[m] 
[[1;34mINFO[m] [1m--- [0;32mmaven-resources-plugin:3.1.0:testResources[m [1m(default-testResources)[m @ [36mbot-service[0;1m ---[m
[[1;34mINFO[m] Using 'UTF-8' encoding to copy filtered resources.
[[1;34mINFO[m] skip non existing resourceDirectory /home/ubuntu/app/backend/bot-service/src/test/resources
[[1;34mINFO[m] 
[[1;34mINFO[m] [1m--- [0;32mmaven-compiler-plugin:3.8.1:testCompile[m [1m(default-testCompile)[m @ [36mbot-service[0;1m ---[m
[[1;34mINFO[m] Changes detected - recompiling the module!
[[1;34mINFO[m] 
[[1;34mINFO[m] [1m--- [0;32mkotlin-maven-plugin:1.3.72:test-compile[m [1m(test-compile)[m @ [36mbot-service[0;1m ---[m
[[1;34mINFO[m] Applied plugin: 'spring'
[[1;34mINFO[m] 
[[1;34mINFO[m] [1m<<< [0;32mspring-boot-maven-plugin:2.3.1.RELEASE:run[m [1m(default-cli)[0;1m < [0;1mtest-compile[m @ [36mbot-service[0;1m <<<[m
[[1;34mINFO[m] 
[[1;34mINFO[m] 
[[1;34mINFO[m] [1m--- [0;32mspring-boot-maven-plugin:2.3.1.RELEASE:run[m [1m(default-cli)[m @ [36mbot-service[0;1m ---[m
[[1;34mINFO[m] Attaching agents: []

  .   ____          _            __ _ _
 /\\ / ___'_ __ _ _(_)_ __  __ _ \ \ \ \
( ( )\___ | '_ | '_| | '_ \/ _` | \ \ \ \
 \\/  ___)| |_)| | | | | || (_| |  ) ) ) )
  '  |____| .__|_| |_|_| |_\__, | / / / /
 =========|_|==============|___/=/_/_/_/
 :: Spring Boot ::        (v2.3.1.RELEASE)

2020-06-14 02:14:42.944  INFO 9072 --- [           main] s.botservice.BotServiceApplicationKt     : Starting BotServiceApplicationKt on ip-172-31-46-40 with PID 9072 (/home/ubuntu/app/backend/bot-service/target/classes started by ubuntu in /home/ubuntu/app/backend/bot-service)
2020-06-14 02:14:42.946  INFO 9072 --- [           main] s.botservice.BotServiceApplicationKt     : No active profile set, falling back to default profiles: default
2020-06-14 02:14:43.587  INFO 9072 --- [           main] .s.d.r.c.RepositoryConfigurationDelegate : Bootstrapping Spring Data MongoDB repositories in DEFAULT mode.
2020-06-14 02:14:43.645  INFO 9072 --- [           main] .s.d.r.c.RepositoryConfigurationDelegate : Finished Spring Data repository scanning in 55ms. Found 1 MongoDB repository interfaces.
2020-06-14 02:14:43.957  INFO 9072 --- [           main] org.mongodb.driver.cluster               : Cluster created with settings {hosts=[localhost:27017], mode=SINGLE, requiredClusterType=UNKNOWN, serverSelectionTimeout='30000 ms'}
2020-06-14 02:14:44.014  INFO 9072 --- [localhost:27017] org.mongodb.driver.connection            : Opened connection [connectionId{localValue:1, serverValue:12}] to localhost:27017
2020-06-14 02:14:44.019  INFO 9072 --- [localhost:27017] org.mongodb.driver.cluster               : Monitor thread successfully connected to server with description ServerDescription{address=localhost:27017, type=STANDALONE, state=CONNECTED, ok=true, minWireVersion=0, maxWireVersion=8, maxDocumentSize=16777216, logicalSessionTimeoutMinutes=30, roundTripTimeNanos=2983735}
2020-06-14 02:14:44.690  WARN 9072 --- [           main] onfigReactiveWebServerApplicationContext : Exception encountered during context initialization - cancelling refresh attempt: org.springframework.context.ApplicationContextException: Failed to start bean 'webServerStartStop'; nested exception is org.springframework.boot.web.server.PortInUseException: Port 8080 is already in use
2020-06-14 02:14:46.717  INFO 9072 --- [           main] ConditionEvaluationReportLoggingListener : 

Error starting ApplicationContext. To display the conditions report re-run your application with 'debug' enabled.
2020-06-14 02:14:46.722 ERROR 9072 --- [           main] o.s.b.d.LoggingFailureAnalysisReporter   : 

***************************
APPLICATION FAILED TO START
***************************

Description:

Web server failed to start. Port 8080 was already in use.

Action:

Identify and stop the process that's listening on port 8080 or configure this application to listen on another port.

[[1;34mINFO[m] [1m------------------------------------------------------------------------[m
[[1;34mINFO[m] [1;31mBUILD FAILURE[m
[[1;34mINFO[m] [1m------------------------------------------------------------------------[m
[[1;34mINFO[m] Total time:  16.601 s
[[1;34mINFO[m] Finished at: 2020-06-14T02:14:47Z
[[1;34mINFO[m] [1m------------------------------------------------------------------------[m
[[1;31mERROR[m] Failed to execute goal [32morg.springframework.boot:spring-boot-maven-plugin:2.3.1.RELEASE:run[m [1m(default-cli)[m on project [36mbot-service[m: [1;31mApplication finished with exit code: 1[m -> [1m[Help 1][m
[[1;31mERROR[m] 
[[1;31mERROR[m] To see the full stack trace of the errors, re-run Maven with the [1m-e[m switch.
[[1;31mERROR[m] Re-run Maven using the [1m-X[m switch to enable full debug logging.
[[1;31mERROR[m] 
[[1;31mERROR[m] For more information about the errors and possible solutions, please read the following articles:
[[1;31mERROR[m] [1m[Help 1][m http://cwiki.apache.org/confluence/display/MAVEN/MojoExecutionException
[[1;34mINFO[m] [1m------------------------------------------------------------------------[m
[[1;34mINFO[m] [1;31mBUILD FAILURE[m
[[1;34mINFO[m] [1m------------------------------------------------------------------------[m
[[1;34mINFO[m] Total time:  08:18 min
[[1;34mINFO[m] Finished at: 2020-06-14T02:19:57Z
[[1;34mINFO[m] [1m------------------------------------------------------------------------[m
WARNING: An illegal reflective access operation has occurred
WARNING: Illegal reflective access by com.google.inject.internal.cglib.core.$ReflectUtils$1 (file:/usr/share/maven/lib/guice.jar) to method java.lang.ClassLoader.defineClass(java.lang.String,byte[],int,int,java.security.ProtectionDomain)
WARNING: Please consider reporting this to the maintainers of com.google.inject.internal.cglib.core.$ReflectUtils$1
WARNING: Use --illegal-access=warn to enable warnings of further illegal reflective access operations
WARNING: All illegal access operations will be denied in a future release
[[1;34mINFO[m] Scanning for projects...
[[1;34mINFO[m] 
[[1;34mINFO[m] [1m----------------------< [0;36mssilvalucas:bot-service[0;1m >-----------------------[m
[[1;34mINFO[m] [1mBuilding bot-service 0.0.1-SNAPSHOT[m
[[1;34mINFO[m] [1m--------------------------------[ jar ]---------------------------------[m
[[1;34mINFO[m] 
[[1;34mINFO[m] [1m>>> [0;32mspring-boot-maven-plugin:2.3.1.RELEASE:run[m [1m(default-cli)[0;1m > [0;1mtest-compile[m @ [36mbot-service[0;1m >>>[m
[[1;34mINFO[m] 
[[1;34mINFO[m] [1m--- [0;32mmaven-resources-plugin:3.1.0:resources[m [1m(default-resources)[m @ [36mbot-service[0;1m ---[m
[[1;34mINFO[m] Using 'UTF-8' encoding to copy filtered resources.
[[1;34mINFO[m] Copying 1 resource
[[1;34mINFO[m] Copying 0 resource
[[1;34mINFO[m] 
[[1;34mINFO[m] [1m--- [0;32mmaven-compiler-plugin:3.8.1:compile[m [1m(default-compile)[m @ [36mbot-service[0;1m ---[m
[[1;34mINFO[m] Nothing to compile - all classes are up to date
[[1;34mINFO[m] 
[[1;34mINFO[m] [1m--- [0;32mkotlin-maven-plugin:1.3.72:compile[m [1m(compile)[m @ [36mbot-service[0;1m ---[m
[[1;34mINFO[m] Applied plugin: 'spring'
[[1;34mINFO[m] 
[[1;34mINFO[m] [1m--- [0;32mmaven-resources-plugin:3.1.0:testResources[m [1m(default-testResources)[m @ [36mbot-service[0;1m ---[m
[[1;34mINFO[m] Using 'UTF-8' encoding to copy filtered resources.
[[1;34mINFO[m] skip non existing resourceDirectory /home/ubuntu/app/backend/bot-service/src/test/resources
[[1;34mINFO[m] 
[[1;34mINFO[m] [1m--- [0;32mmaven-compiler-plugin:3.8.1:testCompile[m [1m(default-testCompile)[m @ [36mbot-service[0;1m ---[m
[[1;34mINFO[m] Changes detected - recompiling the module!
[[1;34mINFO[m] 
[[1;34mINFO[m] [1m--- [0;32mkotlin-maven-plugin:1.3.72:test-compile[m [1m(test-compile)[m @ [36mbot-service[0;1m ---[m
[[1;34mINFO[m] Applied plugin: 'spring'
[[1;34mINFO[m] 
[[1;34mINFO[m] [1m<<< [0;32mspring-boot-maven-plugin:2.3.1.RELEASE:run[m [1m(default-cli)[0;1m < [0;1mtest-compile[m @ [36mbot-service[0;1m <<<[m
[[1;34mINFO[m] 
[[1;34mINFO[m] 
[[1;34mINFO[m] [1m--- [0;32mspring-boot-maven-plugin:2.3.1.RELEASE:run[m [1m(default-cli)[m @ [36mbot-service[0;1m ---[m
[[1;34mINFO[m] Attaching agents: []

  .   ____          _            __ _ _
 /\\ / ___'_ __ _ _(_)_ __  __ _ \ \ \ \
( ( )\___ | '_ | '_| | '_ \/ _` | \ \ \ \
 \\/  ___)| |_)| | | | | || (_| |  ) ) ) )
  '  |____| .__|_| |_|_| |_\__, | / / / /
 =========|_|==============|___/=/_/_/_/
 :: Spring Boot ::        (v2.3.1.RELEASE)

2020-06-14 02:24:21.761  INFO 1394 --- [           main] s.botservice.BotServiceApplicationKt     : Starting BotServiceApplicationKt on ip-172-31-46-40 with PID 1394 (/home/ubuntu/app/backend/bot-service/target/classes started by ubuntu in /home/ubuntu/app/backend/bot-service)
2020-06-14 02:24:21.763  INFO 1394 --- [           main] s.botservice.BotServiceApplicationKt     : No active profile set, falling back to default profiles: default
2020-06-14 02:24:22.424  INFO 1394 --- [           main] .s.d.r.c.RepositoryConfigurationDelegate : Bootstrapping Spring Data MongoDB repositories in DEFAULT mode.
2020-06-14 02:24:22.506  INFO 1394 --- [           main] .s.d.r.c.RepositoryConfigurationDelegate : Finished Spring Data repository scanning in 75ms. Found 1 MongoDB repository interfaces.
2020-06-14 02:24:22.875  INFO 1394 --- [           main] org.mongodb.driver.cluster               : Cluster created with settings {hosts=[localhost:27017], mode=SINGLE, requiredClusterType=UNKNOWN, serverSelectionTimeout='30000 ms'}
2020-06-14 02:24:22.943  INFO 1394 --- [localhost:27017] org.mongodb.driver.connection            : Opened connection [connectionId{localValue:1, serverValue:1}] to localhost:27017
2020-06-14 02:24:22.951  INFO 1394 --- [localhost:27017] org.mongodb.driver.cluster               : Monitor thread successfully connected to server with description ServerDescription{address=localhost:27017, type=STANDALONE, state=CONNECTED, ok=true, minWireVersion=0, maxWireVersion=8, maxDocumentSize=16777216, logicalSessionTimeoutMinutes=30, roundTripTimeNanos=5665594}
2020-06-14 02:24:23.673  INFO 1394 --- [           main] o.s.b.web.embedded.netty.NettyWebServer  : Netty started on port(s): 8080
2020-06-14 02:24:23.683  INFO 1394 --- [           main] s.botservice.BotServiceApplicationKt     : Started BotServiceApplicationKt in 2.485 seconds (JVM running for 3.012)
2020-06-14 02:24:38.388  INFO 1394 --- [or-http-epoll-2] org.mongodb.driver.connection            : Opened connection [connectionId{localValue:2, serverValue:2}] to localhost:27017
